<?xml version="1.0" encoding="UTF-8"?>
<!-- Generated by org.testng.reporters.JUnitReportReporter -->
<testsuite skipped="0" hostname="DESKTOP-VHA8JGD" name="com.crm.qa.testcases.HomePageTest" tests="3" failures="0" timestamp="27 Oct 2018 04:57:50 GMT" time="84.295" errors="0">
  <testcase name="verifyHomePageTitleTest" time="26.632" classname="com.crm.qa.testcases.HomePageTest"/>
  <testcase name="verifyUserNameTest" time="28.802" classname="com.crm.qa.testcases.HomePageTest"/>
  <testcase name="verifyContactLinkTest" time="28.861" classname="com.crm.qa.testcases.HomePageTest"/>
</testsuite> <!-- com.crm.qa.testcases.HomePageTest -->
