<?xml version="1.0" encoding="UTF-8"?>
<!-- Generated by org.testng.reporters.JUnitReportReporter -->
<testsuite skipped="0" hostname="DESKTOP-VHA8JGD" name="com.crm.qa.testcases.ContactsPageTest" tests="1" failures="0" timestamp="28 Oct 2018 03:30:03 GMT" time="43.131" errors="0">
  <testcase name="validateCreateNewContact" time="43.131" classname="com.crm.qa.testcases.ContactsPageTest"/>
</testsuite> <!-- com.crm.qa.testcases.ContactsPageTest -->
